Copyright 1986-2018 Xilinx, Inc. All Rights Reserved.
--------------------------------------------------------------------------------------------------------------------------------------------------------------
| Tool Version : Vivado v.2018.3 (win64) Build 2405991 Thu Dec  6 23:38:27 MST 2018
| Date         : Fri Mar 29 19:36:27 2019
| Host         : DESKTOP-MBF5BR3 running 64-bit major release  (build 9200)
| Command      : report_methodology -file lab1_3_c_methodology_drc_routed.rpt -pb lab1_3_c_methodology_drc_routed.pb -rpx lab1_3_c_methodology_drc_routed.rpx
| Design       : lab1_3_c
| Device       : xc7a100tcsg324-1
| Speed File   : -1
| Design State : Fully Routed
--------------------------------------------------------------------------------------------------------------------------------------------------------------

Report Methodology

Table of Contents
-----------------
1. REPORT SUMMARY
2. REPORT DETAILS

1. REPORT SUMMARY
-----------------
            Netlist: netlist
          Floorplan: design_1
      Design limits: <entire design considered>
             Max violations: <unlimited>
             Violations found: 60
+-----------+----------+------------------------------+------------+
| Rule      | Severity | Description                  | Violations |
+-----------+----------+------------------------------+------------+
| LUTAR-1   | Warning  | LUT drives async reset alert | 24         |
| TIMING-17 | Warning  | Non-clocked sequential cell  | 24         |
| TIMING-20 | Warning  | Non-clocked latch            | 12         |
+-----------+----------+------------------------------+------------+

2. REPORT DETAILS
-----------------
LUTAR-1#1 Warning
LUT drives async reset alert  
LUT cell FIB/temp0_reg[0]_LDC_i_1, with 2 or more inputs, drives asynchronous preset/clear pin(s) FIB/temp0_reg[0]_P/PRE. The LUT may glitch and trigger an unexpected reset, even if it is a properly timed path.
Related violations: <none>

LUTAR-1#2 Warning
LUT drives async reset alert  
LUT cell FIB/temp0_reg[0]_LDC_i_2, with 2 or more inputs, drives asynchronous preset/clear pin(s) FIB/temp0_reg[0]_C/CLR, FIB/temp0_reg[0]_LDC/CLR. The LUT may glitch and trigger an unexpected reset, even if it is a properly timed path.
Related violations: <none>

LUTAR-1#3 Warning
LUT drives async reset alert  
LUT cell FIB/temp0_reg[1]_LDC_i_1, with 2 or more inputs, drives asynchronous preset/clear pin(s) FIB/temp0_reg[1]_P/PRE. The LUT may glitch and trigger an unexpected reset, even if it is a properly timed path.
Related violations: <none>

LUTAR-1#4 Warning
LUT drives async reset alert  
LUT cell FIB/temp0_reg[1]_LDC_i_2, with 2 or more inputs, drives asynchronous preset/clear pin(s) FIB/temp0_reg[1]_C/CLR, FIB/temp0_reg[1]_LDC/CLR. The LUT may glitch and trigger an unexpected reset, even if it is a properly timed path.
Related violations: <none>

LUTAR-1#5 Warning
LUT drives async reset alert  
LUT cell FIB/temp0_reg[2]_LDC_i_1, with 2 or more inputs, drives asynchronous preset/clear pin(s) FIB/temp0_reg[2]_P/PRE. The LUT may glitch and trigger an unexpected reset, even if it is a properly timed path.
Related violations: <none>

LUTAR-1#6 Warning
LUT drives async reset alert  
LUT cell FIB/temp0_reg[2]_LDC_i_2, with 2 or more inputs, drives asynchronous preset/clear pin(s) FIB/temp0_reg[2]_C/CLR, FIB/temp0_reg[2]_LDC/CLR. The LUT may glitch and trigger an unexpected reset, even if it is a properly timed path.
Related violations: <none>

LUTAR-1#7 Warning
LUT drives async reset alert  
LUT cell FIB/temp0_reg[3]_LDC_i_1, with 2 or more inputs, drives asynchronous preset/clear pin(s) FIB/temp0_reg[3]_P/PRE. The LUT may glitch and trigger an unexpected reset, even if it is a properly timed path.
Related violations: <none>

LUTAR-1#8 Warning
LUT drives async reset alert  
LUT cell FIB/temp0_reg[3]_LDC_i_2, with 2 or more inputs, drives asynchronous preset/clear pin(s) FIB/temp0_reg[3]_C/CLR, FIB/temp0_reg[3]_LDC/CLR. The LUT may glitch and trigger an unexpected reset, even if it is a properly timed path.
Related violations: <none>

LUTAR-1#9 Warning
LUT drives async reset alert  
LUT cell FIB/temp0_reg[4]_LDC_i_1, with 2 or more inputs, drives asynchronous preset/clear pin(s) FIB/temp0_reg[4]_P/PRE. The LUT may glitch and trigger an unexpected reset, even if it is a properly timed path.
Related violations: <none>

LUTAR-1#10 Warning
LUT drives async reset alert  
LUT cell FIB/temp0_reg[4]_LDC_i_2, with 2 or more inputs, drives asynchronous preset/clear pin(s) FIB/temp0_reg[4]_C/CLR, FIB/temp0_reg[4]_LDC/CLR. The LUT may glitch and trigger an unexpected reset, even if it is a properly timed path.
Related violations: <none>

LUTAR-1#11 Warning
LUT drives async reset alert  
LUT cell FIB/temp0_reg[5]_LDC_i_1, with 2 or more inputs, drives asynchronous preset/clear pin(s) FIB/temp0_reg[5]_P/PRE. The LUT may glitch and trigger an unexpected reset, even if it is a properly timed path.
Related violations: <none>

LUTAR-1#12 Warning
LUT drives async reset alert  
LUT cell FIB/temp0_reg[5]_LDC_i_2, with 2 or more inputs, drives asynchronous preset/clear pin(s) FIB/temp0_reg[5]_C/CLR, FIB/temp0_reg[5]_LDC/CLR. The LUT may glitch and trigger an unexpected reset, even if it is a properly timed path.
Related violations: <none>

LUTAR-1#13 Warning
LUT drives async reset alert  
LUT cell FIB/temp1_reg[0]_LDC_i_1, with 2 or more inputs, drives asynchronous preset/clear pin(s) FIB/temp1_reg[0]_P/PRE. The LUT may glitch and trigger an unexpected reset, even if it is a properly timed path.
Related violations: <none>

LUTAR-1#14 Warning
LUT drives async reset alert  
LUT cell FIB/temp1_reg[0]_LDC_i_2, with 2 or more inputs, drives asynchronous preset/clear pin(s) FIB/temp1_reg[0]_C/CLR, FIB/temp1_reg[0]_LDC/CLR. The LUT may glitch and trigger an unexpected reset, even if it is a properly timed path.
Related violations: <none>

LUTAR-1#15 Warning
LUT drives async reset alert  
LUT cell FIB/temp1_reg[1]_LDC_i_1, with 2 or more inputs, drives asynchronous preset/clear pin(s) FIB/temp1_reg[1]_P/PRE. The LUT may glitch and trigger an unexpected reset, even if it is a properly timed path.
Related violations: <none>

LUTAR-1#16 Warning
LUT drives async reset alert  
LUT cell FIB/temp1_reg[1]_LDC_i_2, with 2 or more inputs, drives asynchronous preset/clear pin(s) FIB/temp1_reg[1]_C/CLR, FIB/temp1_reg[1]_LDC/CLR. The LUT may glitch and trigger an unexpected reset, even if it is a properly timed path.
Related violations: <none>

LUTAR-1#17 Warning
LUT drives async reset alert  
LUT cell FIB/temp1_reg[2]_LDC_i_1, with 2 or more inputs, drives asynchronous preset/clear pin(s) FIB/temp1_reg[2]_P/PRE. The LUT may glitch and trigger an unexpected reset, even if it is a properly timed path.
Related violations: <none>

LUTAR-1#18 Warning
LUT drives async reset alert  
LUT cell FIB/temp1_reg[2]_LDC_i_2, with 2 or more inputs, drives asynchronous preset/clear pin(s) FIB/temp1_reg[2]_C/CLR, FIB/temp1_reg[2]_LDC/CLR. The LUT may glitch and trigger an unexpected reset, even if it is a properly timed path.
Related violations: <none>

LUTAR-1#19 Warning
LUT drives async reset alert  
LUT cell FIB/temp1_reg[3]_LDC_i_1, with 2 or more inputs, drives asynchronous preset/clear pin(s) FIB/temp1_reg[3]_P/PRE. The LUT may glitch and trigger an unexpected reset, even if it is a properly timed path.
Related violations: <none>

LUTAR-1#20 Warning
LUT drives async reset alert  
LUT cell FIB/temp1_reg[3]_LDC_i_2, with 2 or more inputs, drives asynchronous preset/clear pin(s) FIB/temp1_reg[3]_C/CLR, FIB/temp1_reg[3]_LDC/CLR. The LUT may glitch and trigger an unexpected reset, even if it is a properly timed path.
Related violations: <none>

LUTAR-1#21 Warning
LUT drives async reset alert  
LUT cell FIB/temp1_reg[4]_LDC_i_1, with 2 or more inputs, drives asynchronous preset/clear pin(s) FIB/temp1_reg[4]_P/PRE. The LUT may glitch and trigger an unexpected reset, even if it is a properly timed path.
Related violations: <none>

LUTAR-1#22 Warning
LUT drives async reset alert  
LUT cell FIB/temp1_reg[4]_LDC_i_2, with 2 or more inputs, drives asynchronous preset/clear pin(s) FIB/temp1_reg[4]_C/CLR, FIB/temp1_reg[4]_LDC/CLR. The LUT may glitch and trigger an unexpected reset, even if it is a properly timed path.
Related violations: <none>

LUTAR-1#23 Warning
LUT drives async reset alert  
LUT cell FIB/temp1_reg[5]_LDC_i_1, with 2 or more inputs, drives asynchronous preset/clear pin(s) FIB/temp1_reg[5]_P/PRE. The LUT may glitch and trigger an unexpected reset, even if it is a properly timed path.
Related violations: <none>

LUTAR-1#24 Warning
LUT drives async reset alert  
LUT cell FIB/temp1_reg[5]_LDC_i_2, with 2 or more inputs, drives asynchronous preset/clear pin(s) FIB/temp1_reg[5]_C/CLR, FIB/temp1_reg[5]_LDC/CLR. The LUT may glitch and trigger an unexpected reset, even if it is a properly timed path.
Related violations: <none>

TIMING-17#1 Warning
Non-clocked sequential cell  
The clock pin FIB/temp0_reg[0]_C/C is not reached by a timing clock
Related violations: <none>

TIMING-17#2 Warning
Non-clocked sequential cell  
The clock pin FIB/temp0_reg[0]_P/C is not reached by a timing clock
Related violations: <none>

TIMING-17#3 Warning
Non-clocked sequential cell  
The clock pin FIB/temp0_reg[1]_C/C is not reached by a timing clock
Related violations: <none>

TIMING-17#4 Warning
Non-clocked sequential cell  
The clock pin FIB/temp0_reg[1]_P/C is not reached by a timing clock
Related violations: <none>

TIMING-17#5 Warning
Non-clocked sequential cell  
The clock pin FIB/temp0_reg[2]_C/C is not reached by a timing clock
Related violations: <none>

TIMING-17#6 Warning
Non-clocked sequential cell  
The clock pin FIB/temp0_reg[2]_P/C is not reached by a timing clock
Related violations: <none>

TIMING-17#7 Warning
Non-clocked sequential cell  
The clock pin FIB/temp0_reg[3]_C/C is not reached by a timing clock
Related violations: <none>

TIMING-17#8 Warning
Non-clocked sequential cell  
The clock pin FIB/temp0_reg[3]_P/C is not reached by a timing clock
Related violations: <none>

TIMING-17#9 Warning
Non-clocked sequential cell  
The clock pin FIB/temp0_reg[4]_C/C is not reached by a timing clock
Related violations: <none>

TIMING-17#10 Warning
Non-clocked sequential cell  
The clock pin FIB/temp0_reg[4]_P/C is not reached by a timing clock
Related violations: <none>

TIMING-17#11 Warning
Non-clocked sequential cell  
The clock pin FIB/temp0_reg[5]_C/C is not reached by a timing clock
Related violations: <none>

TIMING-17#12 Warning
Non-clocked sequential cell  
The clock pin FIB/temp0_reg[5]_P/C is not reached by a timing clock
Related violations: <none>

TIMING-17#13 Warning
Non-clocked sequential cell  
The clock pin FIB/temp1_reg[0]_C/C is not reached by a timing clock
Related violations: <none>

TIMING-17#14 Warning
Non-clocked sequential cell  
The clock pin FIB/temp1_reg[0]_P/C is not reached by a timing clock
Related violations: <none>

TIMING-17#15 Warning
Non-clocked sequential cell  
The clock pin FIB/temp1_reg[1]_C/C is not reached by a timing clock
Related violations: <none>

TIMING-17#16 Warning
Non-clocked sequential cell  
The clock pin FIB/temp1_reg[1]_P/C is not reached by a timing clock
Related violations: <none>

TIMING-17#17 Warning
Non-clocked sequential cell  
The clock pin FIB/temp1_reg[2]_C/C is not reached by a timing clock
Related violations: <none>

TIMING-17#18 Warning
Non-clocked sequential cell  
The clock pin FIB/temp1_reg[2]_P/C is not reached by a timing clock
Related violations: <none>

TIMING-17#19 Warning
Non-clocked sequential cell  
The clock pin FIB/temp1_reg[3]_C/C is not reached by a timing clock
Related violations: <none>

TIMING-17#20 Warning
Non-clocked sequential cell  
The clock pin FIB/temp1_reg[3]_P/C is not reached by a timing clock
Related violations: <none>

TIMING-17#21 Warning
Non-clocked sequential cell  
The clock pin FIB/temp1_reg[4]_C/C is not reached by a timing clock
Related violations: <none>

TIMING-17#22 Warning
Non-clocked sequential cell  
The clock pin FIB/temp1_reg[4]_P/C is not reached by a timing clock
Related violations: <none>

TIMING-17#23 Warning
Non-clocked sequential cell  
The clock pin FIB/temp1_reg[5]_C/C is not reached by a timing clock
Related violations: <none>

TIMING-17#24 Warning
Non-clocked sequential cell  
The clock pin FIB/temp1_reg[5]_P/C is not reached by a timing clock
Related violations: <none>

TIMING-20#1 Warning
Non-clocked latch  
The latch FIB/temp0_reg[0]_LDC cannot be properly analyzed as its control pin FIB/temp0_reg[0]_LDC/G is not reached by a timing clock
Related violations: <none>

TIMING-20#2 Warning
Non-clocked latch  
The latch FIB/temp0_reg[1]_LDC cannot be properly analyzed as its control pin FIB/temp0_reg[1]_LDC/G is not reached by a timing clock
Related violations: <none>

TIMING-20#3 Warning
Non-clocked latch  
The latch FIB/temp0_reg[2]_LDC cannot be properly analyzed as its control pin FIB/temp0_reg[2]_LDC/G is not reached by a timing clock
Related violations: <none>

TIMING-20#4 Warning
Non-clocked latch  
The latch FIB/temp0_reg[3]_LDC cannot be properly analyzed as its control pin FIB/temp0_reg[3]_LDC/G is not reached by a timing clock
Related violations: <none>

TIMING-20#5 Warning
Non-clocked latch  
The latch FIB/temp0_reg[4]_LDC cannot be properly analyzed as its control pin FIB/temp0_reg[4]_LDC/G is not reached by a timing clock
Related violations: <none>

TIMING-20#6 Warning
Non-clocked latch  
The latch FIB/temp0_reg[5]_LDC cannot be properly analyzed as its control pin FIB/temp0_reg[5]_LDC/G is not reached by a timing clock
Related violations: <none>

TIMING-20#7 Warning
Non-clocked latch  
The latch FIB/temp1_reg[0]_LDC cannot be properly analyzed as its control pin FIB/temp1_reg[0]_LDC/G is not reached by a timing clock
Related violations: <none>

TIMING-20#8 Warning
Non-clocked latch  
The latch FIB/temp1_reg[1]_LDC cannot be properly analyzed as its control pin FIB/temp1_reg[1]_LDC/G is not reached by a timing clock
Related violations: <none>

TIMING-20#9 Warning
Non-clocked latch  
The latch FIB/temp1_reg[2]_LDC cannot be properly analyzed as its control pin FIB/temp1_reg[2]_LDC/G is not reached by a timing clock
Related violations: <none>

TIMING-20#10 Warning
Non-clocked latch  
The latch FIB/temp1_reg[3]_LDC cannot be properly analyzed as its control pin FIB/temp1_reg[3]_LDC/G is not reached by a timing clock
Related violations: <none>

TIMING-20#11 Warning
Non-clocked latch  
The latch FIB/temp1_reg[4]_LDC cannot be properly analyzed as its control pin FIB/temp1_reg[4]_LDC/G is not reached by a timing clock
Related violations: <none>

TIMING-20#12 Warning
Non-clocked latch  
The latch FIB/temp1_reg[5]_LDC cannot be properly analyzed as its control pin FIB/temp1_reg[5]_LDC/G is not reached by a timing clock
Related violations: <none>


