Copyright 1986-2018 Xilinx, Inc. All Rights Reserved.
-----------------------------------------------------------------------------------------------------------------------------------------------
| Tool Version : Vivado v.2018.3 (win64) Build 2405991 Thu Dec  6 23:38:27 MST 2018
| Date         : Tue May 28 22:30:47 2019
| Host         : DESKTOP-MBF5BR3 running 64-bit major release  (build 9200)
| Command      : report_methodology -file TOP_methodology_drc_routed.rpt -pb TOP_methodology_drc_routed.pb -rpx TOP_methodology_drc_routed.rpx
| Design       : TOP
| Device       : xc7a100tcsg324-1
| Speed File   : -1
| Design State : Fully Routed
-----------------------------------------------------------------------------------------------------------------------------------------------

Report Methodology

Table of Contents
-----------------
1. REPORT SUMMARY
2. REPORT DETAILS

1. REPORT SUMMARY
-----------------
            Netlist: netlist
          Floorplan: design_1
      Design limits: <entire design considered>
             Max violations: <unlimited>
             Violations found: 50
+-----------+----------+-------------------+------------+
| Rule      | Severity | Description       | Violations |
+-----------+----------+-------------------+------------+
| TIMING-20 | Warning  | Non-clocked latch | 50         |
+-----------+----------+-------------------+------------+

2. REPORT DETAILS
-----------------
TIMING-20#1 Warning
Non-clocked latch  
The latch MCPU/alu/result_reg[0] cannot be properly analyzed as its control pin MCPU/alu/result_reg[0]/G is not reached by a timing clock
Related violations: <none>

TIMING-20#2 Warning
Non-clocked latch  
The latch MCPU/alu/result_reg[10] cannot be properly analyzed as its control pin MCPU/alu/result_reg[10]/G is not reached by a timing clock
Related violations: <none>

TIMING-20#3 Warning
Non-clocked latch  
The latch MCPU/alu/result_reg[11] cannot be properly analyzed as its control pin MCPU/alu/result_reg[11]/G is not reached by a timing clock
Related violations: <none>

TIMING-20#4 Warning
Non-clocked latch  
The latch MCPU/alu/result_reg[12] cannot be properly analyzed as its control pin MCPU/alu/result_reg[12]/G is not reached by a timing clock
Related violations: <none>

TIMING-20#5 Warning
Non-clocked latch  
The latch MCPU/alu/result_reg[13] cannot be properly analyzed as its control pin MCPU/alu/result_reg[13]/G is not reached by a timing clock
Related violations: <none>

TIMING-20#6 Warning
Non-clocked latch  
The latch MCPU/alu/result_reg[14] cannot be properly analyzed as its control pin MCPU/alu/result_reg[14]/G is not reached by a timing clock
Related violations: <none>

TIMING-20#7 Warning
Non-clocked latch  
The latch MCPU/alu/result_reg[15] cannot be properly analyzed as its control pin MCPU/alu/result_reg[15]/G is not reached by a timing clock
Related violations: <none>

TIMING-20#8 Warning
Non-clocked latch  
The latch MCPU/alu/result_reg[16] cannot be properly analyzed as its control pin MCPU/alu/result_reg[16]/G is not reached by a timing clock
Related violations: <none>

TIMING-20#9 Warning
Non-clocked latch  
The latch MCPU/alu/result_reg[17] cannot be properly analyzed as its control pin MCPU/alu/result_reg[17]/G is not reached by a timing clock
Related violations: <none>

TIMING-20#10 Warning
Non-clocked latch  
The latch MCPU/alu/result_reg[18] cannot be properly analyzed as its control pin MCPU/alu/result_reg[18]/G is not reached by a timing clock
Related violations: <none>

TIMING-20#11 Warning
Non-clocked latch  
The latch MCPU/alu/result_reg[19] cannot be properly analyzed as its control pin MCPU/alu/result_reg[19]/G is not reached by a timing clock
Related violations: <none>

TIMING-20#12 Warning
Non-clocked latch  
The latch MCPU/alu/result_reg[1] cannot be properly analyzed as its control pin MCPU/alu/result_reg[1]/G is not reached by a timing clock
Related violations: <none>

TIMING-20#13 Warning
Non-clocked latch  
The latch MCPU/alu/result_reg[20] cannot be properly analyzed as its control pin MCPU/alu/result_reg[20]/G is not reached by a timing clock
Related violations: <none>

TIMING-20#14 Warning
Non-clocked latch  
The latch MCPU/alu/result_reg[21] cannot be properly analyzed as its control pin MCPU/alu/result_reg[21]/G is not reached by a timing clock
Related violations: <none>

TIMING-20#15 Warning
Non-clocked latch  
The latch MCPU/alu/result_reg[22] cannot be properly analyzed as its control pin MCPU/alu/result_reg[22]/G is not reached by a timing clock
Related violations: <none>

TIMING-20#16 Warning
Non-clocked latch  
The latch MCPU/alu/result_reg[23] cannot be properly analyzed as its control pin MCPU/alu/result_reg[23]/G is not reached by a timing clock
Related violations: <none>

TIMING-20#17 Warning
Non-clocked latch  
The latch MCPU/alu/result_reg[24] cannot be properly analyzed as its control pin MCPU/alu/result_reg[24]/G is not reached by a timing clock
Related violations: <none>

TIMING-20#18 Warning
Non-clocked latch  
The latch MCPU/alu/result_reg[25] cannot be properly analyzed as its control pin MCPU/alu/result_reg[25]/G is not reached by a timing clock
Related violations: <none>

TIMING-20#19 Warning
Non-clocked latch  
The latch MCPU/alu/result_reg[26] cannot be properly analyzed as its control pin MCPU/alu/result_reg[26]/G is not reached by a timing clock
Related violations: <none>

TIMING-20#20 Warning
Non-clocked latch  
The latch MCPU/alu/result_reg[27] cannot be properly analyzed as its control pin MCPU/alu/result_reg[27]/G is not reached by a timing clock
Related violations: <none>

TIMING-20#21 Warning
Non-clocked latch  
The latch MCPU/alu/result_reg[28] cannot be properly analyzed as its control pin MCPU/alu/result_reg[28]/G is not reached by a timing clock
Related violations: <none>

TIMING-20#22 Warning
Non-clocked latch  
The latch MCPU/alu/result_reg[29] cannot be properly analyzed as its control pin MCPU/alu/result_reg[29]/G is not reached by a timing clock
Related violations: <none>

TIMING-20#23 Warning
Non-clocked latch  
The latch MCPU/alu/result_reg[2] cannot be properly analyzed as its control pin MCPU/alu/result_reg[2]/G is not reached by a timing clock
Related violations: <none>

TIMING-20#24 Warning
Non-clocked latch  
The latch MCPU/alu/result_reg[30] cannot be properly analyzed as its control pin MCPU/alu/result_reg[30]/G is not reached by a timing clock
Related violations: <none>

TIMING-20#25 Warning
Non-clocked latch  
The latch MCPU/alu/result_reg[31] cannot be properly analyzed as its control pin MCPU/alu/result_reg[31]/G is not reached by a timing clock
Related violations: <none>

TIMING-20#26 Warning
Non-clocked latch  
The latch MCPU/alu/result_reg[3] cannot be properly analyzed as its control pin MCPU/alu/result_reg[3]/G is not reached by a timing clock
Related violations: <none>

TIMING-20#27 Warning
Non-clocked latch  
The latch MCPU/alu/result_reg[4] cannot be properly analyzed as its control pin MCPU/alu/result_reg[4]/G is not reached by a timing clock
Related violations: <none>

TIMING-20#28 Warning
Non-clocked latch  
The latch MCPU/alu/result_reg[5] cannot be properly analyzed as its control pin MCPU/alu/result_reg[5]/G is not reached by a timing clock
Related violations: <none>

TIMING-20#29 Warning
Non-clocked latch  
The latch MCPU/alu/result_reg[6] cannot be properly analyzed as its control pin MCPU/alu/result_reg[6]/G is not reached by a timing clock
Related violations: <none>

TIMING-20#30 Warning
Non-clocked latch  
The latch MCPU/alu/result_reg[7] cannot be properly analyzed as its control pin MCPU/alu/result_reg[7]/G is not reached by a timing clock
Related violations: <none>

TIMING-20#31 Warning
Non-clocked latch  
The latch MCPU/alu/result_reg[8] cannot be properly analyzed as its control pin MCPU/alu/result_reg[8]/G is not reached by a timing clock
Related violations: <none>

TIMING-20#32 Warning
Non-clocked latch  
The latch MCPU/alu/result_reg[9] cannot be properly analyzed as its control pin MCPU/alu/result_reg[9]/G is not reached by a timing clock
Related violations: <none>

TIMING-20#33 Warning
Non-clocked latch  
The latch MCPU/output_control/FSM_onehot_nextstate_reg[0] cannot be properly analyzed as its control pin MCPU/output_control/FSM_onehot_nextstate_reg[0]/G is not reached by a timing clock
Related violations: <none>

TIMING-20#34 Warning
Non-clocked latch  
The latch MCPU/output_control/FSM_onehot_nextstate_reg[10] cannot be properly analyzed as its control pin MCPU/output_control/FSM_onehot_nextstate_reg[10]/G is not reached by a timing clock
Related violations: <none>

TIMING-20#35 Warning
Non-clocked latch  
The latch MCPU/output_control/FSM_onehot_nextstate_reg[11] cannot be properly analyzed as its control pin MCPU/output_control/FSM_onehot_nextstate_reg[11]/G is not reached by a timing clock
Related violations: <none>

TIMING-20#36 Warning
Non-clocked latch  
The latch MCPU/output_control/FSM_onehot_nextstate_reg[12] cannot be properly analyzed as its control pin MCPU/output_control/FSM_onehot_nextstate_reg[12]/G is not reached by a timing clock
Related violations: <none>

TIMING-20#37 Warning
Non-clocked latch  
The latch MCPU/output_control/FSM_onehot_nextstate_reg[13] cannot be properly analyzed as its control pin MCPU/output_control/FSM_onehot_nextstate_reg[13]/G is not reached by a timing clock
Related violations: <none>

TIMING-20#38 Warning
Non-clocked latch  
The latch MCPU/output_control/FSM_onehot_nextstate_reg[14] cannot be properly analyzed as its control pin MCPU/output_control/FSM_onehot_nextstate_reg[14]/G is not reached by a timing clock
Related violations: <none>

TIMING-20#39 Warning
Non-clocked latch  
The latch MCPU/output_control/FSM_onehot_nextstate_reg[15] cannot be properly analyzed as its control pin MCPU/output_control/FSM_onehot_nextstate_reg[15]/G is not reached by a timing clock
Related violations: <none>

TIMING-20#40 Warning
Non-clocked latch  
The latch MCPU/output_control/FSM_onehot_nextstate_reg[16] cannot be properly analyzed as its control pin MCPU/output_control/FSM_onehot_nextstate_reg[16]/G is not reached by a timing clock
Related violations: <none>

TIMING-20#41 Warning
Non-clocked latch  
The latch MCPU/output_control/FSM_onehot_nextstate_reg[17] cannot be properly analyzed as its control pin MCPU/output_control/FSM_onehot_nextstate_reg[17]/G is not reached by a timing clock
Related violations: <none>

TIMING-20#42 Warning
Non-clocked latch  
The latch MCPU/output_control/FSM_onehot_nextstate_reg[1] cannot be properly analyzed as its control pin MCPU/output_control/FSM_onehot_nextstate_reg[1]/G is not reached by a timing clock
Related violations: <none>

TIMING-20#43 Warning
Non-clocked latch  
The latch MCPU/output_control/FSM_onehot_nextstate_reg[2] cannot be properly analyzed as its control pin MCPU/output_control/FSM_onehot_nextstate_reg[2]/G is not reached by a timing clock
Related violations: <none>

TIMING-20#44 Warning
Non-clocked latch  
The latch MCPU/output_control/FSM_onehot_nextstate_reg[3] cannot be properly analyzed as its control pin MCPU/output_control/FSM_onehot_nextstate_reg[3]/G is not reached by a timing clock
Related violations: <none>

TIMING-20#45 Warning
Non-clocked latch  
The latch MCPU/output_control/FSM_onehot_nextstate_reg[4] cannot be properly analyzed as its control pin MCPU/output_control/FSM_onehot_nextstate_reg[4]/G is not reached by a timing clock
Related violations: <none>

TIMING-20#46 Warning
Non-clocked latch  
The latch MCPU/output_control/FSM_onehot_nextstate_reg[5] cannot be properly analyzed as its control pin MCPU/output_control/FSM_onehot_nextstate_reg[5]/G is not reached by a timing clock
Related violations: <none>

TIMING-20#47 Warning
Non-clocked latch  
The latch MCPU/output_control/FSM_onehot_nextstate_reg[6] cannot be properly analyzed as its control pin MCPU/output_control/FSM_onehot_nextstate_reg[6]/G is not reached by a timing clock
Related violations: <none>

TIMING-20#48 Warning
Non-clocked latch  
The latch MCPU/output_control/FSM_onehot_nextstate_reg[7] cannot be properly analyzed as its control pin MCPU/output_control/FSM_onehot_nextstate_reg[7]/G is not reached by a timing clock
Related violations: <none>

TIMING-20#49 Warning
Non-clocked latch  
The latch MCPU/output_control/FSM_onehot_nextstate_reg[8] cannot be properly analyzed as its control pin MCPU/output_control/FSM_onehot_nextstate_reg[8]/G is not reached by a timing clock
Related violations: <none>

TIMING-20#50 Warning
Non-clocked latch  
The latch MCPU/output_control/FSM_onehot_nextstate_reg[9] cannot be properly analyzed as its control pin MCPU/output_control/FSM_onehot_nextstate_reg[9]/G is not reached by a timing clock
Related violations: <none>


