Vivado Simulator 2018.3
Copyright 1986-1999, 2001-2018 Xilinx, Inc. All Rights Reserved.
Running: D:/Xilinx/Vivado/2018.3/bin/unwrapped/win64.o/xelab.exe -wto bffdd5c7074c4a89b3dc60f18f769371 --incr --debug typical --relax --mt 2 -L xil_defaultlib -L unisims_ver -L secureip --snapshot lab2_1_tb_func_synth xil_defaultlib.lab2_1_tb xil_defaultlib.glbl -log elaborate.log 
Using 2 slave threads.
Starting static elaboration
Completed static elaboration
Starting simulation data flow analysis
Completed simulation data flow analysis
Time Resolution for simulation is 1ps
Compiling module unisims_ver.LUT5
Compiling module unisims_ver.LUT6
Compiling module unisims_ver.x_lut3_mux8
Compiling module unisims_ver.LUT3
Compiling module unisims_ver.latchsre_ldce
Compiling module unisims_ver.LDCE
Compiling module unisims_ver.x_lut2_mux4
Compiling module unisims_ver.LUT2
Compiling module xil_defaultlib.cmp
Compiling module unisims_ver.BUFG
Compiling module unisims_ver.IBUF
Compiling module unisims_ver.OBUF
Compiling module unisims_ver.FDCE_default
Compiling module unisims_ver.FDPE_default
Compiling module unisims_ver.x_lut1_mux2
Compiling module unisims_ver.LUT1
Compiling module xil_defaultlib.lab2_1
Compiling module xil_defaultlib.lab2_1_tb
Compiling module xil_defaultlib.glbl
Built simulation snapshot lab2_1_tb_func_synth
